2014/06/21 17:57:20 [error] [php] date(): It is not safe to rely on the system's timezone settings. You are *required* to use the date.timezone setting or the date_default_timezone_set() function. In case you used any of those methods and you are still getting this warning, you most likely misspelled the timezone identifier. We selected the timezone 'UTC' for now, but please set date.timezone to select your timezone. (/var/www/vhosts/nu-trition/htdocs/protected/views/layouts/main.php:62)
Stack trace:
#0 /var/www/yii-1.1.14.f0fee9/framework/web/CBaseController.php(95): SiteController->renderInternal()
#1 /var/www/yii-1.1.14.f0fee9/framework/web/widgets/CContentDecorator.php(76): SiteController->renderFile()
#2 /var/www/yii-1.1.14.f0fee9/framework/web/widgets/CContentDecorator.php(54): CContentDecorator->decorate()
#3 /var/www/yii-1.1.14.f0fee9/framework/web/widgets/COutputProcessor.php(44): CContentDecorator->processOutput()
#4 /var/www/yii-1.1.14.f0fee9/framework/web/CBaseController.php(206): CContentDecorator->run()
#5 /var/www/yii-1.1.14.f0fee9/framework/web/CBaseController.php(300): SiteController->endWidget()
#6 /var/www/vhosts/nu-trition/htdocs/protected/views/layouts/column1.php(6): SiteController->endContent()
#7 /var/www/yii-1.1.14.f0fee9/framework/web/CBaseController.php(126): require()
#8 /var/www/yii-1.1.14.f0fee9/framework/web/CBaseController.php(95): SiteController->renderInternal()
#9 /var/www/yii-1.1.14.f0fee9/framework/web/CController.php(784): SiteController->renderFile()
#10 /var/www/vhosts/nu-trition/htdocs/protected/controllers/SiteController.php(32): SiteController->render()
#11 /var/www/yii-1.1.14.f0fee9/framework/web/actions/CInlineAction.php(49): SiteController->actionIndex()
#12 /var/www/yii-1.1.14.f0fee9/framework/web/CController.php(308): CInlineAction->runWithParams()
#13 /var/www/yii-1.1.14.f0fee9/framework/web/CController.php(286): SiteController->runAction()
#14 /var/www/yii-1.1.14.f0fee9/framework/web/CController.php(265): SiteController->runActionWithFilters()
#15 /var/www/yii-1.1.14.f0fee9/framework/web/CWebApplication.php(282): SiteController->run()
#16 /var/www/yii-1.1.14.f0fee9/framework/web/CWebApplication.php(141): CWebApplication->runController()
#17 /var/www/yii-1.1.14.f0fee9/framework/base/CApplication.php(180): CWebApplication->processRequest()
#18 /var/www/vhosts/nu-trition/htdocs/index.php(13): CWebApplication->run()
REQUEST_URI=/
in /var/www/vhosts/nu-trition/htdocs/protected/views/layouts/main.php (62)
in /var/www/vhosts/nu-trition/htdocs/protected/views/layouts/column1.php (6)
in /var/www/vhosts/nu-trition/htdocs/protected/controllers/SiteController.php (32)
2014/06/21 18:17:39 [error] [exception.CHttpException.404] exception 'CHttpException' with message 'Unable to resolve the request "about".' in /var/www/yii-1.1.14.f0fee9/framework/web/CWebApplication.php:286
Stack trace:
#0 /var/www/yii-1.1.14.f0fee9/framework/web/CWebApplication.php(141): CWebApplication->runController('about')
#1 /var/www/yii-1.1.14.f0fee9/framework/base/CApplication.php(180): CWebApplication->processRequest()
#2 /var/www/vhosts/nu-trition/htdocs/index.php(13): CApplication->run()
#3 {main}
REQUEST_URI=/index.php/about
---
2014/06/21 18:17:47 [error] [exception.CHttpException.404] exception 'CHttpException' with message 'Unable to resolve the request "contact".' in /var/www/yii-1.1.14.f0fee9/framework/web/CWebApplication.php:286
Stack trace:
#0 /var/www/yii-1.1.14.f0fee9/framework/web/CWebApplication.php(141): CWebApplication->runController('contact')
#1 /var/www/yii-1.1.14.f0fee9/framework/base/CApplication.php(180): CWebApplication->processRequest()
#2 /var/www/vhosts/nu-trition/htdocs/index.php(13): CApplication->run()
#3 {main}
REQUEST_URI=/index.php/contact
---
2014/06/21 18:17:56 [error] [exception.CHttpException.404] exception 'CHttpException' with message 'Unable to resolve the request "contact".' in /var/www/yii-1.1.14.f0fee9/framework/web/CWebApplication.php:286
Stack trace:
#0 /var/www/yii-1.1.14.f0fee9/framework/web/CWebApplication.php(141): CWebApplication->runController('contact')
#1 /var/www/yii-1.1.14.f0fee9/framework/base/CApplication.php(180): CWebApplication->processRequest()
#2 /var/www/vhosts/nu-trition/htdocs/index.php(13): CApplication->run()
#3 {main}
REQUEST_URI=/index.php/contact
---
2014/06/21 18:18:00 [error] [exception.CHttpException.404] exception 'CHttpException' with message 'Unable to resolve the request "about".' in /var/www/yii-1.1.14.f0fee9/framework/web/CWebApplication.php:286
Stack trace:
#0 /var/www/yii-1.1.14.f0fee9/framework/web/CWebApplication.php(141): CWebApplication->runController('about')
#1 /var/www/yii-1.1.14.f0fee9/framework/base/CApplication.php(180): CWebApplication->processRequest()
#2 /var/www/vhosts/nu-trition/htdocs/index.php(13): CApplication->run()
#3 {main}
REQUEST_URI=/index.php/about
---
2014/06/21 18:18:06 [error] [exception.CException] exception 'CException' with message 'SiteController cannot find the requested view "about".' in /var/www/yii-1.1.14.f0fee9/framework/web/CController.php:878
Stack trace:
#0 /var/www/yii-1.1.14.f0fee9/framework/web/CController.php(782): CController->renderPartial('about', NULL, true)
#1 /var/www/vhosts/nu-trition/htdocs/protected/controllers/SiteController.php(36): CController->render('about')
#2 /var/www/yii-1.1.14.f0fee9/framework/web/actions/CInlineAction.php(49): SiteController->actionAbout()
#3 /var/www/yii-1.1.14.f0fee9/framework/web/CController.php(308): CInlineAction->runWithParams(Array)
#4 /var/www/yii-1.1.14.f0fee9/framework/web/CController.php(286): CController->runAction(Object(CInlineAction))
#5 /var/www/yii-1.1.14.f0fee9/framework/web/CController.php(265): CController->runActionWithFilters(Object(CInlineAction), Array)
#6 /var/www/yii-1.1.14.f0fee9/framework/web/CWebApplication.php(282): CController->run('about')
#7 /var/www/yii-1.1.14.f0fee9/framework/web/CWebApplication.php(141): CWebApplication->runController('site/about')
#8 /var/www/yii-1.1.14.f0fee9/framework/base/CApplication.php(180): CWebApplication->processRequest()
#9 /var/www/vhosts/nu-trition/htdocs/index.php(13): CApplication->run()
#10 {main}
REQUEST_URI=/index.php/site/about
---
2014/06/21 18:18:48 [error] [exception.CException] exception 'CException' with message 'SiteController cannot find the requested view "/pages/about".' in /var/www/yii-1.1.14.f0fee9/framework/web/CController.php:878
Stack trace:
#0 /var/www/yii-1.1.14.f0fee9/framework/web/CController.php(782): CController->renderPartial('/pages/about', NULL, true)
#1 /var/www/vhosts/nu-trition/htdocs/protected/controllers/SiteController.php(36): CController->render('/pages/about')
#2 /var/www/yii-1.1.14.f0fee9/framework/web/actions/CInlineAction.php(49): SiteController->actionAbout()
#3 /var/www/yii-1.1.14.f0fee9/framework/web/CController.php(308): CInlineAction->runWithParams(Array)
#4 /var/www/yii-1.1.14.f0fee9/framework/web/CController.php(286): CController->runAction(Object(CInlineAction))
#5 /var/www/yii-1.1.14.f0fee9/framework/web/CController.php(265): CController->runActionWithFilters(Object(CInlineAction), Array)
#6 /var/www/yii-1.1.14.f0fee9/framework/web/CWebApplication.php(282): CController->run('about')
#7 /var/www/yii-1.1.14.f0fee9/framework/web/CWebApplication.php(141): CWebApplication->runController('site/about')
#8 /var/www/yii-1.1.14.f0fee9/framework/base/CApplication.php(180): CWebApplication->processRequest()
#9 /var/www/vhosts/nu-trition/htdocs/index.php(13): CApplication->run()
#10 {main}
REQUEST_URI=/index.php/site/about
---
2014/06/21 18:46:52 [error] [exception.CException] exception 'CException' with message 'Property "SiteController.name" is not defined.' in /var/www/yii-1.1.14.f0fee9/framework/base/CComponent.php:130
Stack trace:
#0 /var/www/vhosts/nu-trition/htdocs/protected/views/layouts/main.php(58): CComponent->__get('name')
#1 /var/www/yii-1.1.14.f0fee9/framework/web/CBaseController.php(126): require('/var/www/vhosts...')
#2 /var/www/yii-1.1.14.f0fee9/framework/web/CBaseController.php(95): CBaseController->renderInternal('/var/www/vhosts...', Array, true)
#3 /var/www/yii-1.1.14.f0fee9/framework/web/widgets/CContentDecorator.php(76): CBaseController->renderFile('/var/www/vhosts...', Array, true)
#4 /var/www/yii-1.1.14.f0fee9/framework/web/widgets/CContentDecorator.php(54): CContentDecorator->decorate('<div id="conten...')
#5 /var/www/yii-1.1.14.f0fee9/framework/web/widgets/COutputProcessor.php(44): CContentDecorator->processOutput('<div id="conten...')
#6 /var/www/yii-1.1.14.f0fee9/framework/web/CBaseController.php(206): COutputProcessor->run()
#7 /var/www/yii-1.1.14.f0fee9/framework/web/CBaseController.php(300): CBaseController->endWidget('CContentDecorat...')
#8 /var/www/vhosts/nu-trition/htdocs/protected/views/layouts/column1.php(6): CBaseController->endContent()
#9 /var/www/yii-1.1.14.f0fee9/framework/web/CBaseController.php(126): require('/var/www/vhosts...')
#10 /var/www/yii-1.1.14.f0fee9/framework/web/CBaseController.php(95): CBaseController->renderInternal('/var/www/vhosts...', Array, true)
#11 /var/www/yii-1.1.14.f0fee9/framework/web/CController.php(784): CBaseController->renderFile('/var/www/vhosts...', Array, true)
#12 /var/www/vhosts/nu-trition/htdocs/protected/controllers/SiteController.php(36): CController->render('pages/about')
#13 /var/www/yii-1.1.14.f0fee9/framework/web/actions/CInlineAction.php(49): SiteController->actionAbout()
#14 /var/www/yii-1.1.14.f0fee9/framework/web/CController.php(308): CInlineAction->runWithParams(Array)
#15 /var/www/yii-1.1.14.f0fee9/framework/web/CController.php(286): CController->runAction(Object(CInlineAction))
#16 /var/www/yii-1.1.14.f0fee9/framework/web/CController.php(265): CController->runActionWithFilters(Object(CInlineAction), Array)
#17 /var/www/yii-1.1.14.f0fee9/framework/web/CWebApplication.php(282): CController->run('about')
#18 /var/www/yii-1.1.14.f0fee9/framework/web/CWebApplication.php(141): CWebApplication->runController('site/about')
#19 /var/www/yii-1.1.14.f0fee9/framework/base/CApplication.php(180): CWebApplication->processRequest()
#20 /var/www/vhosts/nu-trition/htdocs/index.php(13): CApplication->run()
#21 {main}
REQUEST_URI=/site/about
---
2014/06/21 18:52:01 [error] [exception.CHttpException.404] exception 'CHttpException' with message 'The system is unable to find the requested action "home".' in /var/www/yii-1.1.14.f0fee9/framework/web/CController.php:483
Stack trace:
#0 /var/www/yii-1.1.14.f0fee9/framework/web/CController.php(270): CController->missingAction('home')
#1 /var/www/yii-1.1.14.f0fee9/framework/web/CWebApplication.php(282): CController->run('home')
#2 /var/www/yii-1.1.14.f0fee9/framework/web/CWebApplication.php(141): CWebApplication->runController('site/home')
#3 /var/www/yii-1.1.14.f0fee9/framework/base/CApplication.php(180): CWebApplication->processRequest()
#4 /var/www/vhosts/nu-trition/htdocs/index.php(13): CApplication->run()
#5 {main}
REQUEST_URI=/index.php/site/home
HTTP_REFERER=http://nu-trition.dev/site/about
---
2014/06/21 18:52:10 [error] [exception.CHttpException.404] exception 'CHttpException' with message 'The system is unable to find the requested action "home".' in /var/www/yii-1.1.14.f0fee9/framework/web/CController.php:483
Stack trace:
#0 /var/www/yii-1.1.14.f0fee9/framework/web/CController.php(270): CController->missingAction('home')
#1 /var/www/yii-1.1.14.f0fee9/framework/web/CWebApplication.php(282): CController->run('home')
#2 /var/www/yii-1.1.14.f0fee9/framework/web/CWebApplication.php(141): CWebApplication->runController('site/home')
#3 /var/www/yii-1.1.14.f0fee9/framework/base/CApplication.php(180): CWebApplication->processRequest()
#4 /var/www/vhosts/nu-trition/htdocs/index.php(13): CApplication->run()
#5 {main}
REQUEST_URI=/site/home
---
2014/06/21 18:52:43 [error] [exception.CHttpException.404] exception 'CHttpException' with message 'The system is unable to find the requested action "home".' in /var/www/yii-1.1.14.f0fee9/framework/web/CController.php:483
Stack trace:
#0 /var/www/yii-1.1.14.f0fee9/framework/web/CController.php(270): CController->missingAction('home')
#1 /var/www/yii-1.1.14.f0fee9/framework/web/CWebApplication.php(282): CController->run('home')
#2 /var/www/yii-1.1.14.f0fee9/framework/web/CWebApplication.php(141): CWebApplication->runController('site/home')
#3 /var/www/yii-1.1.14.f0fee9/framework/base/CApplication.php(180): CWebApplication->processRequest()
#4 /var/www/vhosts/nu-trition/htdocs/index.php(13): CApplication->run()
#5 {main}
REQUEST_URI=/site/home
---
2014/06/21 18:52:57 [error] [exception.CHttpException.404] exception 'CHttpException' with message 'The system is unable to find the requested action "home".' in /var/www/yii-1.1.14.f0fee9/framework/web/CController.php:483
Stack trace:
#0 /var/www/yii-1.1.14.f0fee9/framework/web/CController.php(270): CController->missingAction('home')
#1 /var/www/yii-1.1.14.f0fee9/framework/web/CWebApplication.php(282): CController->run('home')
#2 /var/www/yii-1.1.14.f0fee9/framework/web/CWebApplication.php(141): CWebApplication->runController('site/home')
#3 /var/www/yii-1.1.14.f0fee9/framework/base/CApplication.php(180): CWebApplication->processRequest()
#4 /var/www/vhosts/nu-trition/htdocs/index.php(13): CApplication->run()
#5 {main}
REQUEST_URI=/site/home
---
2014/06/21 18:53:20 [error] [exception.CHttpException.404] exception 'CHttpException' with message 'The system is unable to find the requested action "home".' in /var/www/yii-1.1.14.f0fee9/framework/web/CController.php:483
Stack trace:
#0 /var/www/yii-1.1.14.f0fee9/framework/web/CController.php(270): CController->missingAction('home')
#1 /var/www/yii-1.1.14.f0fee9/framework/web/CWebApplication.php(282): CController->run('home')
#2 /var/www/yii-1.1.14.f0fee9/framework/web/CWebApplication.php(141): CWebApplication->runController('site/home')
#3 /var/www/yii-1.1.14.f0fee9/framework/base/CApplication.php(180): CWebApplication->processRequest()
#4 /var/www/vhosts/nu-trition/htdocs/index.php(13): CApplication->run()
#5 {main}
REQUEST_URI=/site/home
---
2014/06/21 18:56:43 [error] [exception.CException] exception 'CException' with message 'Property "CUrlManager.showEntryScriptName" is not defined.' in /var/www/yii-1.1.14.f0fee9/framework/base/CComponent.php:173
Stack trace:
#0 /var/www/yii-1.1.14.f0fee9/framework/YiiBase.php(220): CComponent->__set('showEntryScript...', 'false')
#1 /var/www/yii-1.1.14.f0fee9/framework/base/CModule.php(386): YiiBase::createComponent(Array)
#2 /var/www/yii-1.1.14.f0fee9/framework/base/CApplication.php(522): CModule->getComponent('urlManager')
#3 /var/www/yii-1.1.14.f0fee9/framework/web/CWebApplication.php(140): CApplication->getUrlManager()
#4 /var/www/yii-1.1.14.f0fee9/framework/base/CApplication.php(180): CWebApplication->processRequest()
#5 /var/www/vhosts/nu-trition/htdocs/index.php(13): CApplication->run()
#6 {main}
REQUEST_URI=/index.php/site/index
HTTP_REFERER=http://nu-trition.dev/site/home
---
2014/06/21 18:57:13 [error] [exception.CException] exception 'CException' with message 'Property "CUrlManager.showEntryScript" is not defined.' in /var/www/yii-1.1.14.f0fee9/framework/base/CComponent.php:173
Stack trace:
#0 /var/www/yii-1.1.14.f0fee9/framework/YiiBase.php(220): CComponent->__set('showEntryScript', 'false')
#1 /var/www/yii-1.1.14.f0fee9/framework/base/CModule.php(386): YiiBase::createComponent(Array)
#2 /var/www/yii-1.1.14.f0fee9/framework/base/CApplication.php(522): CModule->getComponent('urlManager')
#3 /var/www/yii-1.1.14.f0fee9/framework/web/CWebApplication.php(140): CApplication->getUrlManager()
#4 /var/www/yii-1.1.14.f0fee9/framework/base/CApplication.php(180): CWebApplication->processRequest()
#5 /var/www/vhosts/nu-trition/htdocs/index.php(13): CApplication->run()
#6 {main}
REQUEST_URI=/index.php/site/index
HTTP_REFERER=http://nu-trition.dev/site/home
---
2014/06/21 22:09:05 [error] [exception.CHttpException.404] exception 'CHttpException' with message 'Unable to resolve the request "favicon.ico".' in /var/www/yii-1.1.14.f0fee9/framework/web/CWebApplication.php:286
Stack trace:
#0 /var/www/yii-1.1.14.f0fee9/framework/web/CWebApplication.php(141): CWebApplication->runController('favicon.ico')
#1 /var/www/yii-1.1.14.f0fee9/framework/base/CApplication.php(180): CWebApplication->processRequest()
#2 /var/www/vhosts/nu-trition/htdocs/index.php(13): CApplication->run()
#3 {main}
REQUEST_URI=/favicon.ico
---
